2021-11-05 18:03:03,477 INFO  [org.jboss.modules] (main) JBoss Modules version 1.11.0.Final
2021-11-05 18:03:03,975 INFO  [org.jboss.msc] (main) JBoss MSC version 1.4.12.Final
2021-11-05 18:03:03,992 INFO  [org.jboss.threads] (main) JBoss Threads version 2.4.0.Final
2021-11-05 18:03:04,126 INFO  [org.jboss.as] (MSC service thread 1-2) WFLYSRV0049: Keycloak 15.0.2 (WildFly Core 15.0.1.Final) starting
2021-11-05 18:03:04,127 DEBUG [org.jboss.as.config] (MSC service thread 1-2) Configured system properties:
	[Standalone] = 
	awt.toolkit = sun.lwawt.macosx.LWCToolkit
	file.encoding = UTF-8
	file.encoding.pkg = sun.io
	file.separator = /
	gopherProxySet = false
	java.awt.graphicsenv = sun.awt.CGraphicsEnvironment
	java.awt.headless = true
	java.awt.printerjob = sun.lwawt.macosx.CPrinterJob
	java.class.path = /Users/gyujinan/workspace/study/keycloak-15.0.2/jboss-modules.jar
	java.class.version = 52.0
	java.endorsed.dirs = /Library/Java/JavaVirtualMachines/adoptopenjdk-8.jdk/Contents/Home/jre/lib/endorsed
	java.ext.dirs = /Users/gyujinan/Library/Java/Extensions:/Library/Java/JavaVirtualMachines/adoptopenjdk-8.jdk/Contents/Home/jre/lib/ext:/Library/Java/Extensions:/Network/Library/Java/Extensions:/System/Library/Java/Extensions:/usr/lib/java
	java.home = /Library/Java/JavaVirtualMachines/adoptopenjdk-8.jdk/Contents/Home/jre
	java.io.tmpdir = /var/folders/_p/4sbjx_753v19ln8lq1r4cz2h0000gn/T/
	java.library.path = /Users/gyujinan/Library/Java/Extensions:/Library/Java/Extensions:/Network/Library/Java/Extensions:/System/Library/Java/Extensions:/usr/lib/java:.
	java.net.preferIPv4Stack = true
	java.runtime.name = OpenJDK Runtime Environment
	java.runtime.version = 1.8.0_265-b01
	java.specification.name = Java Platform API Specification
	java.specification.vendor = Oracle Corporation
	java.specification.version = 1.8
	java.util.logging.manager = org.jboss.logmanager.LogManager
	java.vendor = AdoptOpenJDK
	java.vendor.url = http://java.oracle.com/
	java.vendor.url.bug = http://bugreport.sun.com/bugreport/
	java.version = 1.8.0_265
	java.vm.info = mixed mode
	java.vm.name = OpenJDK 64-Bit Server VM
	java.vm.specification.name = Java Virtual Machine Specification
	java.vm.specification.vendor = Oracle Corporation
	java.vm.specification.version = 1.8
	java.vm.vendor = AdoptOpenJDK
	java.vm.version = 25.265-b01
	javax.management.builder.initial = org.jboss.as.jmx.PluggableMBeanServerBuilder
	jboss.home.dir = /Users/gyujinan/workspace/study/keycloak-15.0.2
	jboss.host.name = gyujinui-macbookpro
	jboss.modules.dir = /Users/gyujinan/workspace/study/keycloak-15.0.2/modules
	jboss.modules.system.pkgs = org.jboss.byteman
	jboss.node.name = gyujinui-macbookpro
	jboss.qualified.host.name = gyujinui-macbookpro.local
	jboss.server.base.dir = /Users/gyujinan/workspace/study/keycloak-15.0.2/standalone
	jboss.server.config.dir = /Users/gyujinan/workspace/study/keycloak-15.0.2/standalone/configuration
	jboss.server.data.dir = /Users/gyujinan/workspace/study/keycloak-15.0.2/standalone/data
	jboss.server.deploy.dir = /Users/gyujinan/workspace/study/keycloak-15.0.2/standalone/data/content
	jboss.server.log.dir = /Users/gyujinan/workspace/study/keycloak-15.0.2/standalone/log
	jboss.server.name = gyujinui-macbookpro
	jboss.server.persist.config = true
	jboss.server.temp.dir = /Users/gyujinan/workspace/study/keycloak-15.0.2/standalone/tmp
	jboss.socket.binding.port-offset = 100
	line.separator = 

	logging.configuration = file:/Users/gyujinan/workspace/study/keycloak-15.0.2/standalone/configuration/logging.properties
	module.path = /Users/gyujinan/workspace/study/keycloak-15.0.2/modules
	org.jboss.boot.log.file = /Users/gyujinan/workspace/study/keycloak-15.0.2/standalone/log/server.log
	org.jboss.resolver.warning = true
	os.arch = x86_64
	os.name = Mac OS X
	os.version = 10.15.7
	path.separator = :
	sun.arch.data.model = 64
	sun.boot.class.path = /Library/Java/JavaVirtualMachines/adoptopenjdk-8.jdk/Contents/Home/jre/lib/resources.jar:/Library/Java/JavaVirtualMachines/adoptopenjdk-8.jdk/Contents/Home/jre/lib/rt.jar:/Library/Java/JavaVirtualMachines/adoptopenjdk-8.jdk/Contents/Home/jre/lib/sunrsasign.jar:/Library/Java/JavaVirtualMachines/adoptopenjdk-8.jdk/Contents/Home/jre/lib/jsse.jar:/Library/Java/JavaVirtualMachines/adoptopenjdk-8.jdk/Contents/Home/jre/lib/jce.jar:/Library/Java/JavaVirtualMachines/adoptopenjdk-8.jdk/Contents/Home/jre/lib/charsets.jar:/Library/Java/JavaVirtualMachines/adoptopenjdk-8.jdk/Contents/Home/jre/lib/jfr.jar:/Library/Java/JavaVirtualMachines/adoptopenjdk-8.jdk/Contents/Home/jre/classes
	sun.boot.library.path = /Library/Java/JavaVirtualMachines/adoptopenjdk-8.jdk/Contents/Home/jre/lib
	sun.cpu.endian = little
	sun.cpu.isalist = 
	sun.io.unicode.encoding = UnicodeBig
	sun.java.command = /Users/gyujinan/workspace/study/keycloak-15.0.2/jboss-modules.jar -mp /Users/gyujinan/workspace/study/keycloak-15.0.2/modules org.jboss.as.standalone -Djboss.home.dir=/Users/gyujinan/workspace/study/keycloak-15.0.2 -Djboss.server.base.dir=/Users/gyujinan/workspace/study/keycloak-15.0.2/standalone -Djboss.socket.binding.port-offset=100
	sun.java.launcher = SUN_STANDARD
	sun.jnu.encoding = UTF-8
	sun.management.compiler = HotSpot 64-Bit Tiered Compilers
	sun.os.patch.level = unknown
	user.country = KR
	user.dir = /Users/gyujinan/workspace/study/keycloak-15.0.2/bin
	user.home = /Users/gyujinan
	user.language = ko
	user.language.format = ko-Kore
	user.name = gyujinan
	user.timezone = Asia/Seoul
2021-11-05 18:03:04,128 DEBUG [org.jboss.as.config] (MSC service thread 1-2) VM Arguments: -D[Standalone] -Xms64m -Xmx512m -XX:MetaspaceSize=96M -XX:MaxMetaspaceSize=256m -Djava.net.preferIPv4Stack=true -Djboss.modules.system.pkgs=org.jboss.byteman -Djava.awt.headless=true -Dorg.jboss.boot.log.file=/Users/gyujinan/workspace/study/keycloak-15.0.2/standalone/log/server.log -Dlogging.configuration=file:/Users/gyujinan/workspace/study/keycloak-15.0.2/standalone/configuration/logging.properties 
2021-11-05 18:03:04,793 INFO  [org.wildfly.security] (ServerService Thread Pool -- 20) ELY00001: WildFly Elytron version 1.15.3.Final
2021-11-05 18:03:05,131 INFO  [org.jboss.as.controller.management-deprecated] (ServerService Thread Pool -- 5) WFLYCTL0033: Extension 'security' is deprecated and may not be supported in future versions
2021-11-05 18:03:05,367 INFO  [org.jboss.as.controller.management-deprecated] (Controller Boot Thread) WFLYCTL0028: Attribute 'security-realm' in the resource at address '/core-service=management/management-interface=http-interface' is deprecated, and may be removed in a future version. See the attribute description in the output of the read-resource-description operation to learn more about the deprecation.
2021-11-05 18:03:05,382 INFO  [org.jboss.as.controller.management-deprecated] (ServerService Thread Pool -- 14) WFLYCTL0028: Attribute 'security-realm' in the resource at address '/subsystem=undertow/server=default-server/https-listener=https' is deprecated, and may be removed in a future version. See the attribute description in the output of the read-resource-description operation to learn more about the deprecation.
2021-11-05 18:03:05,491 INFO  [org.jboss.as.server] (Controller Boot Thread) WFLYSRV0039: Creating http management service using socket-binding (management-http)
2021-11-05 18:03:05,510 INFO  [org.xnio] (MSC service thread 1-5) XNIO version 3.8.4.Final
2021-11-05 18:03:05,517 INFO  [org.xnio.nio] (MSC service thread 1-5) XNIO NIO Implementation Version 3.8.4.Final
2021-11-05 18:03:05,549 INFO  [org.wildfly.extension.health] (ServerService Thread Pool -- 36) WFLYHEALTH0001: Activating Base Health Subsystem
2021-11-05 18:03:05,550 INFO  [org.jboss.as.clustering.infinispan] (ServerService Thread Pool -- 37) WFLYCLINF0001: Activating Infinispan subsystem.
2021-11-05 18:03:05,550 INFO  [org.wildfly.extension.io] (ServerService Thread Pool -- 38) WFLYIO001: Worker 'default' has auto-configured to 16 IO threads with 128 max task threads based on your 8 available processors
2021-11-05 18:03:05,568 INFO  [org.jboss.as.connector] (MSC service thread 1-7) WFLYJCA0009: Starting Jakarta Connectors Subsystem (WildFly/IronJacamar 1.4.27.Final)
2021-11-05 18:03:05,573 INFO  [org.jboss.as.connector.subsystems.datasources] (ServerService Thread Pool -- 31) WFLYJCA0004: Deploying JDBC-compliant driver class org.h2.Driver (version 1.4)
2021-11-05 18:03:05,576 INFO  [org.jboss.as.connector.deployers.jdbc] (MSC service thread 1-6) WFLYJCA0018: Started Driver service with driver-name = h2
2021-11-05 18:03:05,586 INFO  [org.jboss.as.jaxrs] (ServerService Thread Pool -- 39) WFLYRS0016: RESTEasy version 3.15.1.Final
2021-11-05 18:03:05,603 INFO  [org.jboss.remoting] (MSC service thread 1-5) JBoss Remoting version 5.0.20.Final
2021-11-05 18:03:05,623 WARN  [org.wildfly.extension.elytron] (MSC service thread 1-2) WFLYELY00023: KeyStore file '/Users/gyujinan/workspace/study/keycloak-15.0.2/standalone/configuration/application.keystore' does not exist. Used blank.
2021-11-05 18:03:05,638 WARN  [org.wildfly.extension.elytron] (MSC service thread 1-2) WFLYELY01084: KeyStore /Users/gyujinan/workspace/study/keycloak-15.0.2/standalone/configuration/application.keystore not found, it will be auto generated on first use with a self-signed certificate for host localhost
2021-11-05 18:03:05,659 INFO  [org.wildfly.extension.metrics] (ServerService Thread Pool -- 45) WFLYMETRICS0001: Activating Base Metrics Subsystem
2021-11-05 18:03:05,661 INFO  [org.jboss.as.naming] (ServerService Thread Pool -- 46) WFLYNAM0001: Activating Naming Subsystem
2021-11-05 18:03:05,666 INFO  [org.jboss.as.security] (ServerService Thread Pool -- 49) WFLYSEC0002: Activating Security Subsystem
2021-11-05 18:03:05,666 WARN  [org.jboss.as.txn] (ServerService Thread Pool -- 51) WFLYTX0013: The node-identifier attribute on the /subsystem=transactions is set to the default value. This is a danger for environments running multiple servers. Please make sure the attribute value is unique.
2021-11-05 18:03:05,728 INFO  [org.jboss.as.security] (MSC service thread 1-8) WFLYSEC0001: Current PicketBox version=5.0.3.Final-redhat-00007
2021-11-05 18:03:05,736 INFO  [org.jboss.as.mail.extension] (MSC service thread 1-1) WFLYMAIL0001: Bound mail session [java:jboss/mail/Default]
2021-11-05 18:03:05,737 INFO  [org.jboss.as.naming] (MSC service thread 1-1) WFLYNAM0003: Starting Naming Service
2021-11-05 18:03:05,752 INFO  [org.wildfly.extension.undertow] (MSC service thread 1-3) WFLYUT0003: Undertow 2.2.5.Final starting
2021-11-05 18:03:05,762 WARN  [org.wildfly.clustering.web.undertow] (ServerService Thread Pool -- 52) WFLYCLWEBUT0007: No routing provider found for default-server; using legacy provider based on static configuration
2021-11-05 18:03:05,992 INFO  [org.wildfly.extension.undertow] (ServerService Thread Pool -- 52) WFLYUT0014: Creating file handler for path '/Users/gyujinan/workspace/study/keycloak-15.0.2/welcome-content' with options [directory-listing: 'false', follow-symlink: 'false', case-sensitive: 'true', safe-symlink-paths: '[]']
2021-11-05 18:03:06,006 INFO  [org.jboss.as.ejb3] (MSC service thread 1-4) WFLYEJB0481: Strict pool slsb-strict-max-pool is using a max instance size of 128 (per class), which is derived from thread worker pool sizing.
2021-11-05 18:03:06,007 INFO  [org.jboss.as.ejb3] (MSC service thread 1-2) WFLYEJB0482: Strict pool mdb-strict-max-pool is using a max instance size of 32 (per class), which is derived from the number of CPUs on this host.
2021-11-05 18:03:06,014 INFO  [org.wildfly.extension.undertow] (MSC service thread 1-2) WFLYUT0012: Started server default-server.
2021-11-05 18:03:06,015 INFO  [org.wildfly.extension.undertow] (MSC service thread 1-4) Queuing requests.
2021-11-05 18:03:06,016 INFO  [org.wildfly.extension.undertow] (MSC service thread 1-4) WFLYUT0018: Host default-host starting
2021-11-05 18:03:06,301 INFO  [org.wildfly.extension.undertow] (MSC service thread 1-2) WFLYUT0006: Undertow HTTP listener default listening on 127.0.0.1:8180
2021-11-05 18:03:06,318 INFO  [org.jboss.as.ejb3] (MSC service thread 1-4) WFLYEJB0493: Jakarta Enterprise Beans subsystem suspension complete
2021-11-05 18:03:06,421 INFO  [org.jboss.as.connector.subsystems.datasources] (MSC service thread 1-7) WFLYJCA0001: Bound data source [java:jboss/datasources/KeycloakDS]
2021-11-05 18:03:06,422 INFO  [org.jboss.as.connector.subsystems.datasources] (MSC service thread 1-7) WFLYJCA0001: Bound data source [java:jboss/datasources/ExampleDS]
2021-11-05 18:03:06,722 INFO  [org.jboss.as.patching] (MSC service thread 1-6) WFLYPAT0050: Keycloak cumulative patch ID is: base, one-off patches include: none
2021-11-05 18:03:06,733 WARN  [org.jboss.as.domain.management.security] (MSC service thread 1-3) WFLYDM0111: Keystore /Users/gyujinan/workspace/study/keycloak-15.0.2/standalone/configuration/application.keystore not found, it will be auto generated on first use with a self signed certificate for host localhost
2021-11-05 18:03:06,742 INFO  [org.jboss.as.server.deployment.scanner] (MSC service thread 1-4) WFLYDS0013: Started FileSystemDeploymentService for directory /Users/gyujinan/workspace/study/keycloak-15.0.2/standalone/deployments
2021-11-05 18:03:06,759 INFO  [org.jboss.as.server.deployment] (MSC service thread 1-3) WFLYSRV0027: Starting deployment of "keycloak-server.war" (runtime-name: "keycloak-server.war")
2021-11-05 18:03:06,783 INFO  [org.wildfly.extension.undertow] (MSC service thread 1-1) WFLYUT0006: Undertow HTTPS listener https listening on 127.0.0.1:8543
2021-11-05 18:03:08,245 INFO  [org.infinispan.CONTAINER] (ServerService Thread Pool -- 55) ISPN000128: Infinispan version: Infinispan 'Corona Extra' 11.0.9.Final
2021-11-05 18:03:08,322 INFO  [org.infinispan.CONFIG] (MSC service thread 1-7) ISPN000152: Passivation configured without an eviction policy being selected. Only manually evicted entities will be passivated.
2021-11-05 18:03:08,324 INFO  [org.infinispan.CONFIG] (MSC service thread 1-7) ISPN000152: Passivation configured without an eviction policy being selected. Only manually evicted entities will be passivated.
2021-11-05 18:03:08,509 INFO  [org.infinispan.PERSISTENCE] (ServerService Thread Pool -- 55) ISPN000556: Starting user marshaller 'org.wildfly.clustering.infinispan.marshalling.jboss.JBossMarshaller'
2021-11-05 18:03:08,509 INFO  [org.infinispan.PERSISTENCE] (ServerService Thread Pool -- 54) ISPN000556: Starting user marshaller 'org.wildfly.clustering.infinispan.spi.marshalling.InfinispanProtoStreamMarshaller'
2021-11-05 18:03:08,800 INFO  [org.jboss.as.clustering.infinispan] (ServerService Thread Pool -- 54) WFLYCLINF0002: Started http-remoting-connector cache from ejb container
2021-11-05 18:03:08,825 INFO  [org.jboss.as.clustering.infinispan] (ServerService Thread Pool -- 58) WFLYCLINF0002: Started clientSessions cache from keycloak container
2021-11-05 18:03:08,825 INFO  [org.jboss.as.clustering.infinispan] (ServerService Thread Pool -- 64) WFLYCLINF0002: Started offlineSessions cache from keycloak container
2021-11-05 18:03:08,826 INFO  [org.jboss.as.clustering.infinispan] (ServerService Thread Pool -- 62) WFLYCLINF0002: Started work cache from keycloak container
2021-11-05 18:03:08,826 INFO  [org.jboss.as.clustering.infinispan] (ServerService Thread Pool -- 66) WFLYCLINF0002: Started offlineClientSessions cache from keycloak container
2021-11-05 18:03:08,826 INFO  [org.jboss.as.clustering.infinispan] (ServerService Thread Pool -- 63) WFLYCLINF0002: Started actionTokens cache from keycloak container
2021-11-05 18:03:08,827 INFO  [org.jboss.as.clustering.infinispan] (ServerService Thread Pool -- 56) WFLYCLINF0002: Started loginFailures cache from keycloak container
2021-11-05 18:03:08,827 INFO  [org.jboss.as.clustering.infinispan] (ServerService Thread Pool -- 61) WFLYCLINF0002: Started sessions cache from keycloak container
2021-11-05 18:03:08,827 INFO  [org.jboss.as.clustering.infinispan] (ServerService Thread Pool -- 60) WFLYCLINF0002: Started authenticationSessions cache from keycloak container
2021-11-05 18:03:08,859 INFO  [org.jboss.as.clustering.infinispan] (ServerService Thread Pool -- 57) WFLYCLINF0002: Started authorization cache from keycloak container
2021-11-05 18:03:08,859 INFO  [org.jboss.as.clustering.infinispan] (ServerService Thread Pool -- 65) WFLYCLINF0002: Started keys cache from keycloak container
2021-11-05 18:03:08,859 INFO  [org.jboss.as.clustering.infinispan] (ServerService Thread Pool -- 59) WFLYCLINF0002: Started users cache from keycloak container
2021-11-05 18:03:08,862 INFO  [org.jboss.as.clustering.infinispan] (ServerService Thread Pool -- 55) WFLYCLINF0002: Started realms cache from keycloak container
2021-11-05 18:03:09,002 WARN  [org.jboss.as.server.deployment] (MSC service thread 1-7) WFLYSRV0273: Excluded subsystem webservices via jboss-deployment-structure.xml does not exist.
2021-11-05 18:03:09,604 INFO  [org.keycloak.services] (ServerService Thread Pool -- 57) KC-SERVICES0001: Loading config from standalone.xml or domain.xml
2021-11-05 18:03:10,113 INFO  [org.keycloak.url.DefaultHostnameProviderFactory] (ServerService Thread Pool -- 57) Frontend: <request>, Admin: <frontend>, Backend: <request>
2021-11-05 18:03:10,144 INFO  [org.jboss.as.clustering.infinispan] (ServerService Thread Pool -- 57) WFLYCLINF0002: Started realmRevisions cache from keycloak container
2021-11-05 18:03:10,148 INFO  [org.jboss.as.clustering.infinispan] (ServerService Thread Pool -- 57) WFLYCLINF0002: Started userRevisions cache from keycloak container
2021-11-05 18:03:10,152 INFO  [org.jboss.as.clustering.infinispan] (ServerService Thread Pool -- 57) WFLYCLINF0002: Started authorizationRevisions cache from keycloak container
2021-11-05 18:03:10,153 INFO  [org.keycloak.connections.infinispan.DefaultInfinispanConnectionProviderFactory] (ServerService Thread Pool -- 57) Node name: gyujinui-macbookpro, Site name: null
2021-11-05 18:03:11,584 INFO  [org.keycloak.connections.jpa.DefaultJpaConnectionProviderFactory] (ServerService Thread Pool -- 57) Database info: {databaseUrl=jdbc:h2:/Users/gyujinan/workspace/study/keycloak-15.0.2/standalone/data/keycloak, databaseUser=SA, databaseProduct=H2 1.4.197 (2018-03-18), databaseDriver=H2 JDBC Driver 1.4.197 (2018-03-18)}
2021-11-05 18:03:12,680 INFO  [org.hibernate.jpa.internal.util.LogHelper] (ServerService Thread Pool -- 57) HHH000204: Processing PersistenceUnitInfo [
	name: keycloak-default
	...]
2021-11-05 18:03:12,831 INFO  [org.hibernate.Version] (ServerService Thread Pool -- 57) HHH000412: Hibernate Core {5.3.20.Final}
2021-11-05 18:03:12,833 INFO  [org.hibernate.cfg.Environment] (ServerService Thread Pool -- 57) HHH000206: hibernate.properties not found
2021-11-05 18:03:13,039 INFO  [org.hibernate.annotations.common.Version] (ServerService Thread Pool -- 57) HCANN000001: Hibernate Commons Annotations {5.0.5.Final}
2021-11-05 18:03:13,261 INFO  [org.hibernate.dialect.Dialect] (ServerService Thread Pool -- 57) HHH000400: Using dialect: org.hibernate.dialect.H2Dialect
2021-11-05 18:03:13,325 INFO  [org.hibernate.envers.boot.internal.EnversServiceImpl] (ServerService Thread Pool -- 57) Envers integration enabled? : true
2021-11-05 18:03:13,883 INFO  [org.hibernate.orm.beans] (ServerService Thread Pool -- 57) HHH10005002: No explicit CDI BeanManager reference was passed to Hibernate, but CDI is available on the Hibernate ClassLoader.
2021-11-05 18:03:13,943 INFO  [org.hibernate.validator.internal.util.Version] (ServerService Thread Pool -- 57) HV000001: Hibernate Validator 6.0.22.Final
2021-11-05 18:03:15,058 INFO  [org.hibernate.hql.internal.QueryTranslatorFactoryInitiator] (ServerService Thread Pool -- 57) HHH000397: Using ASTQueryTranslatorFactory
2021-11-05 18:03:15,819 INFO  [org.jboss.resteasy.resteasy_jaxrs.i18n] (ServerService Thread Pool -- 57) RESTEASY002225: Deploying javax.ws.rs.core.Application: class org.keycloak.services.resources.KeycloakApplication
2021-11-05 18:03:15,821 INFO  [org.jboss.resteasy.resteasy_jaxrs.i18n] (ServerService Thread Pool -- 57) RESTEASY002205: Adding provider class org.keycloak.services.filters.KeycloakSecurityHeadersFilter from Application class org.keycloak.services.resources.KeycloakApplication
2021-11-05 18:03:15,822 INFO  [org.jboss.resteasy.resteasy_jaxrs.i18n] (ServerService Thread Pool -- 57) RESTEASY002200: Adding class resource org.keycloak.services.resources.ThemeResource from Application class org.keycloak.services.resources.KeycloakApplication
2021-11-05 18:03:15,822 INFO  [org.jboss.resteasy.resteasy_jaxrs.i18n] (ServerService Thread Pool -- 57) RESTEASY002200: Adding class resource org.keycloak.services.resources.JsResource from Application class org.keycloak.services.resources.KeycloakApplication
2021-11-05 18:03:15,823 INFO  [org.jboss.resteasy.resteasy_jaxrs.i18n] (ServerService Thread Pool -- 57) RESTEASY002205: Adding provider class org.keycloak.services.error.KeycloakErrorHandler from Application class org.keycloak.services.resources.KeycloakApplication
2021-11-05 18:03:15,823 INFO  [org.jboss.resteasy.resteasy_jaxrs.i18n] (ServerService Thread Pool -- 57) RESTEASY002210: Adding provider singleton org.keycloak.services.util.ObjectMapperResolver from Application class org.keycloak.services.resources.KeycloakApplication
2021-11-05 18:03:15,823 INFO  [org.jboss.resteasy.resteasy_jaxrs.i18n] (ServerService Thread Pool -- 57) RESTEASY002220: Adding singleton resource org.keycloak.services.resources.RealmsResource from Application class org.keycloak.services.resources.KeycloakApplication
2021-11-05 18:03:15,823 INFO  [org.jboss.resteasy.resteasy_jaxrs.i18n] (ServerService Thread Pool -- 57) RESTEASY002220: Adding singleton resource org.keycloak.services.resources.WelcomeResource from Application class org.keycloak.services.resources.KeycloakApplication
2021-11-05 18:03:15,823 INFO  [org.jboss.resteasy.resteasy_jaxrs.i18n] (ServerService Thread Pool -- 57) RESTEASY002220: Adding singleton resource org.keycloak.services.resources.admin.AdminRoot from Application class org.keycloak.services.resources.KeycloakApplication
2021-11-05 18:03:15,823 INFO  [org.jboss.resteasy.resteasy_jaxrs.i18n] (ServerService Thread Pool -- 57) RESTEASY002220: Adding singleton resource org.keycloak.services.resources.RobotsResource from Application class org.keycloak.services.resources.KeycloakApplication
2021-11-05 18:03:15,919 INFO  [org.wildfly.extension.undertow] (ServerService Thread Pool -- 57) WFLYUT0021: Registered web context: '/auth' for server 'default-server'
2021-11-05 18:03:15,996 INFO  [org.jboss.as.server] (ServerService Thread Pool -- 43) WFLYSRV0010: Deployed "keycloak-server.war" (runtime-name : "keycloak-server.war")
2021-11-05 18:03:16,059 INFO  [org.jboss.as.server] (Controller Boot Thread) WFLYSRV0212: Resuming server
2021-11-05 18:03:16,061 INFO  [org.jboss.as] (Controller Boot Thread) WFLYSRV0025: Keycloak 15.0.2 (WildFly Core 15.0.1.Final) started in 13004ms - Started 594 of 872 services (584 services are lazy, passive or on-demand)
2021-11-05 18:03:16,064 INFO  [org.jboss.as] (Controller Boot Thread) WFLYSRV0060: Http management interface listening on http://127.0.0.1:10090/management
2021-11-05 18:03:16,065 INFO  [org.jboss.as] (Controller Boot Thread) WFLYSRV0051: Admin console listening on http://127.0.0.1:10090
2021-11-05 18:15:04,372 WARN  [org.keycloak.events] (default task-4) type=CLIENT_LOGIN_ERROR, realmId=demo, clientId=app-authz-rest-springboot, userId=null, ipAddress=127.0.0.1, error=invalid_client_credentials, grant_type=client_credentials
2021-11-05 18:15:04,496 WARN  [org.keycloak.events] (default task-4) type=CLIENT_LOGIN_ERROR, realmId=demo, clientId=app-authz-rest-springboot, userId=null, ipAddress=127.0.0.1, error=invalid_client_credentials, grant_type=client_credentials
2021-11-05 18:15:12,238 WARN  [org.keycloak.events] (default task-4) type=CLIENT_LOGIN_ERROR, realmId=demo, clientId=app-authz-rest-springboot, userId=null, ipAddress=127.0.0.1, error=invalid_client_credentials, grant_type=client_credentials
2021-11-05 18:15:12,293 WARN  [org.keycloak.events] (default task-4) type=CLIENT_LOGIN_ERROR, realmId=demo, clientId=app-authz-rest-springboot, userId=null, ipAddress=127.0.0.1, error=invalid_client_credentials, grant_type=client_credentials
2021-11-05 18:15:21,352 WARN  [org.keycloak.events] (default task-4) type=CLIENT_LOGIN_ERROR, realmId=demo, clientId=app-authz-rest-springboot, userId=null, ipAddress=127.0.0.1, error=invalid_client_credentials, grant_type=client_credentials
2021-11-05 18:15:21,396 WARN  [org.keycloak.events] (default task-4) type=CLIENT_LOGIN_ERROR, realmId=demo, clientId=app-authz-rest-springboot, userId=null, ipAddress=127.0.0.1, error=invalid_client_credentials, grant_type=client_credentials
2021-11-05 18:28:47,346 INFO  [org.jboss.as.server] (Thread-2) WFLYSRV0272: Suspending server
2021-11-05 18:28:47,378 INFO  [org.jboss.as.ejb3] (Thread-2) WFLYEJB0493: Jakarta Enterprise Beans subsystem suspension complete
2021-11-05 18:28:47,394 INFO  [org.jboss.as.server] (Thread-2) WFLYSRV0220: Server shutdown has been requested via an OS signal
2021-11-05 18:28:47,455 INFO  [org.jboss.as.connector.subsystems.datasources] (MSC service thread 1-8) WFLYJCA0010: Unbound data source [java:jboss/datasources/KeycloakDS]
2021-11-05 18:28:47,457 INFO  [org.jboss.as.mail.extension] (MSC service thread 1-7) WFLYMAIL0002: Unbound mail session [java:jboss/mail/Default]
2021-11-05 18:28:47,466 INFO  [org.wildfly.extension.undertow] (MSC service thread 1-2) WFLYUT0008: Undertow HTTPS listener https suspending
2021-11-05 18:28:47,472 INFO  [org.wildfly.extension.undertow] (MSC service thread 1-2) WFLYUT0007: Undertow HTTPS listener https stopped, was bound to 127.0.0.1:8543
2021-11-05 18:28:47,473 INFO  [org.wildfly.extension.undertow] (ServerService Thread Pool -- 70) WFLYUT0022: Unregistered web context: '/auth' from server 'default-server'
2021-11-05 18:28:47,524 INFO  [org.jboss.as.connector.subsystems.datasources] (MSC service thread 1-7) WFLYJCA0010: Unbound data source [java:jboss/datasources/ExampleDS]
2021-11-05 18:28:47,526 INFO  [org.jboss.as.connector.deployers.jdbc] (MSC service thread 1-7) WFLYJCA0019: Stopped Driver service with driver-name = h2
2021-11-05 18:28:47,532 INFO  [org.wildfly.extension.undertow] (MSC service thread 1-6) WFLYUT0019: Host default-host stopping
2021-11-05 18:28:47,565 INFO  [org.jboss.as.clustering.infinispan] (ServerService Thread Pool -- 76) WFLYCLINF0003: Stopped offlineSessions cache from keycloak container
2021-11-05 18:28:47,565 INFO  [org.jboss.as.clustering.infinispan] (ServerService Thread Pool -- 74) WFLYCLINF0003: Stopped offlineClientSessions cache from keycloak container
2021-11-05 18:28:47,565 INFO  [org.jboss.as.clustering.infinispan] (ServerService Thread Pool -- 80) WFLYCLINF0003: Stopped actionTokens cache from keycloak container
2021-11-05 18:28:47,566 INFO  [org.jboss.as.clustering.infinispan] (ServerService Thread Pool -- 69) WFLYCLINF0003: Stopped authenticationSessions cache from keycloak container
2021-11-05 18:28:47,567 INFO  [org.jboss.as.clustering.infinispan] (ServerService Thread Pool -- 79) WFLYCLINF0003: Stopped loginFailures cache from keycloak container
2021-11-05 18:28:47,567 INFO  [org.jboss.as.clustering.infinispan] (ServerService Thread Pool -- 70) WFLYCLINF0003: Stopped sessions cache from keycloak container
2021-11-05 18:28:47,568 INFO  [org.jboss.as.clustering.infinispan] (ServerService Thread Pool -- 73) WFLYCLINF0003: Stopped work cache from keycloak container
2021-11-05 18:28:47,568 INFO  [org.jboss.as.server.deployment] (MSC service thread 1-4) WFLYSRV0028: Stopped deployment keycloak-server.war (runtime-name: keycloak-server.war) in 156ms
2021-11-05 18:28:47,570 INFO  [org.jboss.as.clustering.infinispan] (ServerService Thread Pool -- 75) WFLYCLINF0003: Stopped clientSessions cache from keycloak container
2021-11-05 18:28:47,570 INFO  [org.jboss.as.clustering.infinispan] (ServerService Thread Pool -- 72) WFLYCLINF0003: Stopped keys cache from keycloak container
2021-11-05 18:28:47,574 INFO  [org.wildfly.extension.undertow] (MSC service thread 1-1) WFLYUT0008: Undertow HTTP listener default suspending
2021-11-05 18:28:47,576 INFO  [org.wildfly.extension.undertow] (MSC service thread 1-1) WFLYUT0007: Undertow HTTP listener default stopped, was bound to 127.0.0.1:8180
2021-11-05 18:28:47,580 INFO  [org.wildfly.extension.undertow] (MSC service thread 1-5) WFLYUT0004: Undertow 2.2.5.Final stopping
2021-11-05 18:28:47,581 INFO  [org.jboss.as.clustering.infinispan] (ServerService Thread Pool -- 78) WFLYCLINF0003: Stopped users cache from keycloak container
2021-11-05 18:28:47,582 INFO  [org.jboss.as.clustering.infinispan] (ServerService Thread Pool -- 57) WFLYCLINF0003: Stopped authorization cache from keycloak container
2021-11-05 18:28:47,585 INFO  [org.jboss.as.clustering.infinispan] (ServerService Thread Pool -- 77) WFLYCLINF0003: Stopped realms cache from keycloak container
2021-11-05 18:28:47,586 INFO  [org.infinispan.manager.DefaultCacheManager] (ServerService Thread Pool -- 77) Stopping cache manager null on null
2021-11-05 18:28:47,705 INFO  [org.jboss.as.clustering.infinispan] (ServerService Thread Pool -- 71) WFLYCLINF0003: Stopped http-remoting-connector cache from ejb container
2021-11-05 18:28:47,706 INFO  [org.infinispan.manager.DefaultCacheManager] (ServerService Thread Pool -- 71) Stopping cache manager null on null
2021-11-05 18:28:47,713 INFO  [org.jboss.as] (MSC service thread 1-1) WFLYSRV0050: Keycloak 15.0.2 (WildFly Core 15.0.1.Final) stopped in 301ms
2021-11-05 18:28:52,040 INFO  [org.jboss.modules] (main) JBoss Modules version 1.11.0.Final
2021-11-05 18:28:52,380 INFO  [org.jboss.msc] (main) JBoss MSC version 1.4.12.Final
2021-11-05 18:28:52,388 INFO  [org.jboss.threads] (main) JBoss Threads version 2.4.0.Final
2021-11-05 18:28:52,485 INFO  [org.jboss.as] (MSC service thread 1-2) WFLYSRV0049: Keycloak 15.0.2 (WildFly Core 15.0.1.Final) starting
2021-11-05 18:28:52,486 DEBUG [org.jboss.as.config] (MSC service thread 1-2) Configured system properties:
	[Standalone] = 
	awt.toolkit = sun.lwawt.macosx.LWCToolkit
	file.encoding = UTF-8
	file.encoding.pkg = sun.io
	file.separator = /
	ftp.nonProxyHosts = local|*.local|169.254/16|*.169.254/16
	gopherProxySet = false
	http.nonProxyHosts = local|*.local|169.254/16|*.169.254/16
	java.awt.graphicsenv = sun.awt.CGraphicsEnvironment
	java.awt.headless = true
	java.awt.printerjob = sun.lwawt.macosx.CPrinterJob
	java.class.path = /Users/gyujinan/workspace/study/keycloak-15.0.2/jboss-modules.jar
	java.class.version = 52.0
	java.endorsed.dirs = /Library/Java/JavaVirtualMachines/adoptopenjdk-8.jdk/Contents/Home/jre/lib/endorsed
	java.ext.dirs = /Users/gyujinan/Library/Java/Extensions:/Library/Java/JavaVirtualMachines/adoptopenjdk-8.jdk/Contents/Home/jre/lib/ext:/Library/Java/Extensions:/Network/Library/Java/Extensions:/System/Library/Java/Extensions:/usr/lib/java
	java.home = /Library/Java/JavaVirtualMachines/adoptopenjdk-8.jdk/Contents/Home/jre
	java.io.tmpdir = /var/folders/_p/4sbjx_753v19ln8lq1r4cz2h0000gn/T/
	java.library.path = /Users/gyujinan/Library/Java/Extensions:/Library/Java/Extensions:/Network/Library/Java/Extensions:/System/Library/Java/Extensions:/usr/lib/java:.
	java.net.preferIPv4Stack = true
	java.runtime.name = OpenJDK Runtime Environment
	java.runtime.version = 1.8.0_265-b01
	java.specification.name = Java Platform API Specification
	java.specification.vendor = Oracle Corporation
	java.specification.version = 1.8
	java.util.logging.manager = org.jboss.logmanager.LogManager
	java.vendor = AdoptOpenJDK
	java.vendor.url = http://java.oracle.com/
	java.vendor.url.bug = http://bugreport.sun.com/bugreport/
	java.version = 1.8.0_265
	java.vm.info = mixed mode
	java.vm.name = OpenJDK 64-Bit Server VM
	java.vm.specification.name = Java Virtual Machine Specification
	java.vm.specification.vendor = Oracle Corporation
	java.vm.specification.version = 1.8
	java.vm.vendor = AdoptOpenJDK
	java.vm.version = 25.265-b01
	javax.management.builder.initial = org.jboss.as.jmx.PluggableMBeanServerBuilder
	jboss.home.dir = /Users/gyujinan/workspace/study/keycloak-15.0.2
	jboss.host.name = gyujinui-macbookpro
	jboss.modules.dir = /Users/gyujinan/workspace/study/keycloak-15.0.2/modules
	jboss.modules.system.pkgs = org.jboss.byteman
	jboss.node.name = gyujinui-macbookpro
	jboss.qualified.host.name = gyujinui-macbookpro.local
	jboss.server.base.dir = /Users/gyujinan/workspace/study/keycloak-15.0.2/standalone
	jboss.server.config.dir = /Users/gyujinan/workspace/study/keycloak-15.0.2/standalone/configuration
	jboss.server.data.dir = /Users/gyujinan/workspace/study/keycloak-15.0.2/standalone/data
	jboss.server.deploy.dir = /Users/gyujinan/workspace/study/keycloak-15.0.2/standalone/data/content
	jboss.server.log.dir = /Users/gyujinan/workspace/study/keycloak-15.0.2/standalone/log
	jboss.server.name = gyujinui-macbookpro
	jboss.server.persist.config = true
	jboss.server.temp.dir = /Users/gyujinan/workspace/study/keycloak-15.0.2/standalone/tmp
	jboss.socket.binding.port-offset = 100
	line.separator = 

	logging.configuration = file:/Users/gyujinan/workspace/study/keycloak-15.0.2/standalone/configuration/logging.properties
	module.path = /Users/gyujinan/workspace/study/keycloak-15.0.2/modules
	org.jboss.boot.log.file = /Users/gyujinan/workspace/study/keycloak-15.0.2/standalone/log/server.log
	org.jboss.resolver.warning = true
	os.arch = x86_64
	os.name = Mac OS X
	os.version = 10.15.7
	path.separator = :
	socksNonProxyHosts = local|*.local|169.254/16|*.169.254/16
	sun.arch.data.model = 64
	sun.boot.class.path = /Library/Java/JavaVirtualMachines/adoptopenjdk-8.jdk/Contents/Home/jre/lib/resources.jar:/Library/Java/JavaVirtualMachines/adoptopenjdk-8.jdk/Contents/Home/jre/lib/rt.jar:/Library/Java/JavaVirtualMachines/adoptopenjdk-8.jdk/Contents/Home/jre/lib/sunrsasign.jar:/Library/Java/JavaVirtualMachines/adoptopenjdk-8.jdk/Contents/Home/jre/lib/jsse.jar:/Library/Java/JavaVirtualMachines/adoptopenjdk-8.jdk/Contents/Home/jre/lib/jce.jar:/Library/Java/JavaVirtualMachines/adoptopenjdk-8.jdk/Contents/Home/jre/lib/charsets.jar:/Library/Java/JavaVirtualMachines/adoptopenjdk-8.jdk/Contents/Home/jre/lib/jfr.jar:/Library/Java/JavaVirtualMachines/adoptopenjdk-8.jdk/Contents/Home/jre/classes
	sun.boot.library.path = /Library/Java/JavaVirtualMachines/adoptopenjdk-8.jdk/Contents/Home/jre/lib
	sun.cpu.endian = little
	sun.cpu.isalist = 
	sun.io.unicode.encoding = UnicodeBig
	sun.java.command = /Users/gyujinan/workspace/study/keycloak-15.0.2/jboss-modules.jar -mp /Users/gyujinan/workspace/study/keycloak-15.0.2/modules org.jboss.as.standalone -Djboss.home.dir=/Users/gyujinan/workspace/study/keycloak-15.0.2 -Djboss.server.base.dir=/Users/gyujinan/workspace/study/keycloak-15.0.2/standalone -Djboss.socket.binding.port-offset=100
	sun.java.launcher = SUN_STANDARD
	sun.jnu.encoding = UTF-8
	sun.management.compiler = HotSpot 64-Bit Tiered Compilers
	sun.os.patch.level = unknown
	user.country = KR
	user.dir = /Users/gyujinan/workspace/study/keycloak-15.0.2/bin
	user.home = /Users/gyujinan
	user.language = ko
	user.language.format = ko-Kore
	user.name = gyujinan
	user.timezone = Asia/Seoul
2021-11-05 18:28:52,487 DEBUG [org.jboss.as.config] (MSC service thread 1-2) VM Arguments: -D[Standalone] -Xms64m -Xmx512m -XX:MetaspaceSize=96M -XX:MaxMetaspaceSize=256m -Djava.net.preferIPv4Stack=true -Djboss.modules.system.pkgs=org.jboss.byteman -Djava.awt.headless=true -Dorg.jboss.boot.log.file=/Users/gyujinan/workspace/study/keycloak-15.0.2/standalone/log/server.log -Dlogging.configuration=file:/Users/gyujinan/workspace/study/keycloak-15.0.2/standalone/configuration/logging.properties 
2021-11-05 18:28:53,016 INFO  [org.wildfly.security] (ServerService Thread Pool -- 18) ELY00001: WildFly Elytron version 1.15.3.Final
2021-11-05 18:28:53,275 INFO  [org.jboss.as.controller.management-deprecated] (ServerService Thread Pool -- 5) WFLYCTL0033: Extension 'security' is deprecated and may not be supported in future versions
2021-11-05 18:28:53,465 INFO  [org.jboss.as.controller.management-deprecated] (Controller Boot Thread) WFLYCTL0028: Attribute 'security-realm' in the resource at address '/core-service=management/management-interface=http-interface' is deprecated, and may be removed in a future version. See the attribute description in the output of the read-resource-description operation to learn more about the deprecation.
2021-11-05 18:28:53,485 INFO  [org.jboss.as.controller.management-deprecated] (ServerService Thread Pool -- 19) WFLYCTL0028: Attribute 'security-realm' in the resource at address '/subsystem=undertow/server=default-server/https-listener=https' is deprecated, and may be removed in a future version. See the attribute description in the output of the read-resource-description operation to learn more about the deprecation.
2021-11-05 18:28:53,580 INFO  [org.jboss.as.server] (Controller Boot Thread) WFLYSRV0039: Creating http management service using socket-binding (management-http)
2021-11-05 18:28:53,613 INFO  [org.xnio] (MSC service thread 1-6) XNIO version 3.8.4.Final
2021-11-05 18:28:53,619 INFO  [org.xnio.nio] (MSC service thread 1-6) XNIO NIO Implementation Version 3.8.4.Final
2021-11-05 18:28:53,641 INFO  [org.wildfly.extension.health] (ServerService Thread Pool -- 36) WFLYHEALTH0001: Activating Base Health Subsystem
2021-11-05 18:28:53,646 INFO  [org.wildfly.extension.io] (ServerService Thread Pool -- 38) WFLYIO001: Worker 'default' has auto-configured to 16 IO threads with 128 max task threads based on your 8 available processors
2021-11-05 18:28:53,650 INFO  [org.jboss.as.clustering.infinispan] (ServerService Thread Pool -- 37) WFLYCLINF0001: Activating Infinispan subsystem.
2021-11-05 18:28:53,659 INFO  [org.jboss.as.jaxrs] (ServerService Thread Pool -- 39) WFLYRS0016: RESTEasy version 3.15.1.Final
2021-11-05 18:28:53,661 INFO  [org.wildfly.extension.metrics] (ServerService Thread Pool -- 45) WFLYMETRICS0001: Activating Base Metrics Subsystem
2021-11-05 18:28:53,674 INFO  [org.jboss.as.connector] (MSC service thread 1-1) WFLYJCA0009: Starting Jakarta Connectors Subsystem (WildFly/IronJacamar 1.4.27.Final)
2021-11-05 18:28:53,675 INFO  [org.jboss.remoting] (MSC service thread 1-5) JBoss Remoting version 5.0.20.Final
2021-11-05 18:28:53,680 INFO  [org.jboss.as.connector.subsystems.datasources] (ServerService Thread Pool -- 31) WFLYJCA0004: Deploying JDBC-compliant driver class org.h2.Driver (version 1.4)
2021-11-05 18:28:53,682 INFO  [org.jboss.as.connector.deployers.jdbc] (MSC service thread 1-2) WFLYJCA0018: Started Driver service with driver-name = h2
2021-11-05 18:28:53,737 WARN  [org.wildfly.extension.elytron] (MSC service thread 1-2) WFLYELY00023: KeyStore file '/Users/gyujinan/workspace/study/keycloak-15.0.2/standalone/configuration/application.keystore' does not exist. Used blank.
2021-11-05 18:28:53,744 WARN  [org.wildfly.extension.elytron] (MSC service thread 1-3) WFLYELY01084: KeyStore /Users/gyujinan/workspace/study/keycloak-15.0.2/standalone/configuration/application.keystore not found, it will be auto generated on first use with a self-signed certificate for host localhost
2021-11-05 18:28:53,756 INFO  [org.jboss.as.naming] (ServerService Thread Pool -- 46) WFLYNAM0001: Activating Naming Subsystem
2021-11-05 18:28:53,757 INFO  [org.jboss.as.security] (ServerService Thread Pool -- 49) WFLYSEC0002: Activating Security Subsystem
2021-11-05 18:28:53,758 INFO  [org.jboss.as.ejb3] (MSC service thread 1-6) WFLYEJB0481: Strict pool slsb-strict-max-pool is using a max instance size of 128 (per class), which is derived from thread worker pool sizing.
2021-11-05 18:28:53,758 INFO  [org.jboss.as.ejb3] (MSC service thread 1-4) WFLYEJB0482: Strict pool mdb-strict-max-pool is using a max instance size of 32 (per class), which is derived from the number of CPUs on this host.
2021-11-05 18:28:53,759 INFO  [org.jboss.as.security] (MSC service thread 1-1) WFLYSEC0001: Current PicketBox version=5.0.3.Final-redhat-00007
2021-11-05 18:28:53,766 INFO  [org.jboss.as.naming] (MSC service thread 1-8) WFLYNAM0003: Starting Naming Service
2021-11-05 18:28:53,769 WARN  [org.jboss.as.txn] (ServerService Thread Pool -- 51) WFLYTX0013: The node-identifier attribute on the /subsystem=transactions is set to the default value. This is a danger for environments running multiple servers. Please make sure the attribute value is unique.
2021-11-05 18:28:53,772 INFO  [org.jboss.as.mail.extension] (MSC service thread 1-6) WFLYMAIL0001: Bound mail session [java:jboss/mail/Default]
2021-11-05 18:28:53,787 INFO  [org.wildfly.extension.undertow] (MSC service thread 1-8) WFLYUT0003: Undertow 2.2.5.Final starting
2021-11-05 18:28:53,810 WARN  [org.wildfly.clustering.web.undertow] (ServerService Thread Pool -- 52) WFLYCLWEBUT0007: No routing provider found for default-server; using legacy provider based on static configuration
2021-11-05 18:28:53,894 INFO  [org.wildfly.extension.undertow] (ServerService Thread Pool -- 52) WFLYUT0014: Creating file handler for path '/Users/gyujinan/workspace/study/keycloak-15.0.2/welcome-content' with options [directory-listing: 'false', follow-symlink: 'false', case-sensitive: 'true', safe-symlink-paths: '[]']
2021-11-05 18:28:53,906 INFO  [org.wildfly.extension.undertow] (MSC service thread 1-2) WFLYUT0012: Started server default-server.
2021-11-05 18:28:53,906 INFO  [org.wildfly.extension.undertow] (MSC service thread 1-2) Queuing requests.
2021-11-05 18:28:53,907 INFO  [org.wildfly.extension.undertow] (MSC service thread 1-2) WFLYUT0018: Host default-host starting
2021-11-05 18:28:53,987 INFO  [org.wildfly.extension.undertow] (MSC service thread 1-6) WFLYUT0006: Undertow HTTP listener default listening on 127.0.0.1:8180
2021-11-05 18:28:54,029 INFO  [org.jboss.as.ejb3] (MSC service thread 1-1) WFLYEJB0493: Jakarta Enterprise Beans subsystem suspension complete
2021-11-05 18:28:54,086 INFO  [org.jboss.as.connector.subsystems.datasources] (MSC service thread 1-8) WFLYJCA0001: Bound data source [java:jboss/datasources/KeycloakDS]
2021-11-05 18:28:54,086 INFO  [org.jboss.as.connector.subsystems.datasources] (MSC service thread 1-7) WFLYJCA0001: Bound data source [java:jboss/datasources/ExampleDS]
2021-11-05 18:28:54,370 INFO  [org.jboss.as.patching] (MSC service thread 1-8) WFLYPAT0050: Keycloak cumulative patch ID is: base, one-off patches include: none
2021-11-05 18:28:54,382 WARN  [org.jboss.as.domain.management.security] (MSC service thread 1-3) WFLYDM0111: Keystore /Users/gyujinan/workspace/study/keycloak-15.0.2/standalone/configuration/application.keystore not found, it will be auto generated on first use with a self signed certificate for host localhost
2021-11-05 18:28:54,383 INFO  [org.jboss.as.server.deployment.scanner] (MSC service thread 1-7) WFLYDS0013: Started FileSystemDeploymentService for directory /Users/gyujinan/workspace/study/keycloak-15.0.2/standalone/deployments
2021-11-05 18:28:54,390 INFO  [org.jboss.as.server.deployment] (MSC service thread 1-2) WFLYSRV0027: Starting deployment of "keycloak-server.war" (runtime-name: "keycloak-server.war")
2021-11-05 18:28:54,401 INFO  [org.wildfly.extension.undertow] (MSC service thread 1-4) WFLYUT0006: Undertow HTTPS listener https listening on 127.0.0.1:8543
2021-11-05 18:28:54,954 INFO  [org.infinispan.CONTAINER] (ServerService Thread Pool -- 55) ISPN000128: Infinispan version: Infinispan 'Corona Extra' 11.0.9.Final
2021-11-05 18:28:54,984 INFO  [org.infinispan.CONFIG] (MSC service thread 1-4) ISPN000152: Passivation configured without an eviction policy being selected. Only manually evicted entities will be passivated.
2021-11-05 18:28:54,985 INFO  [org.infinispan.CONFIG] (MSC service thread 1-4) ISPN000152: Passivation configured without an eviction policy being selected. Only manually evicted entities will be passivated.
2021-11-05 18:28:55,048 INFO  [org.infinispan.PERSISTENCE] (ServerService Thread Pool -- 55) ISPN000556: Starting user marshaller 'org.wildfly.clustering.infinispan.marshalling.jboss.JBossMarshaller'
2021-11-05 18:28:55,048 INFO  [org.infinispan.PERSISTENCE] (ServerService Thread Pool -- 54) ISPN000556: Starting user marshaller 'org.wildfly.clustering.infinispan.spi.marshalling.InfinispanProtoStreamMarshaller'
2021-11-05 18:28:55,258 INFO  [org.jboss.as.clustering.infinispan] (ServerService Thread Pool -- 54) WFLYCLINF0002: Started http-remoting-connector cache from ejb container
2021-11-05 18:28:55,274 INFO  [org.jboss.as.clustering.infinispan] (ServerService Thread Pool -- 62) WFLYCLINF0002: Started work cache from keycloak container
2021-11-05 18:28:55,274 INFO  [org.jboss.as.clustering.infinispan] (ServerService Thread Pool -- 58) WFLYCLINF0002: Started offlineClientSessions cache from keycloak container
2021-11-05 18:28:55,274 INFO  [org.jboss.as.clustering.infinispan] (ServerService Thread Pool -- 65) WFLYCLINF0002: Started actionTokens cache from keycloak container
2021-11-05 18:28:55,274 INFO  [org.jboss.as.clustering.infinispan] (ServerService Thread Pool -- 60) WFLYCLINF0002: Started authenticationSessions cache from keycloak container
2021-11-05 18:28:55,274 INFO  [org.jboss.as.clustering.infinispan] (ServerService Thread Pool -- 63) WFLYCLINF0002: Started sessions cache from keycloak container
2021-11-05 18:28:55,275 INFO  [org.jboss.as.clustering.infinispan] (ServerService Thread Pool -- 56) WFLYCLINF0002: Started loginFailures cache from keycloak container
2021-11-05 18:28:55,275 INFO  [org.jboss.as.clustering.infinispan] (ServerService Thread Pool -- 66) WFLYCLINF0002: Started offlineSessions cache from keycloak container
2021-11-05 18:28:55,275 INFO  [org.jboss.as.clustering.infinispan] (ServerService Thread Pool -- 61) WFLYCLINF0002: Started clientSessions cache from keycloak container
2021-11-05 18:28:55,301 INFO  [org.jboss.as.clustering.infinispan] (ServerService Thread Pool -- 57) WFLYCLINF0002: Started authorization cache from keycloak container
2021-11-05 18:28:55,301 INFO  [org.jboss.as.clustering.infinispan] (ServerService Thread Pool -- 64) WFLYCLINF0002: Started keys cache from keycloak container
2021-11-05 18:28:55,302 INFO  [org.jboss.as.clustering.infinispan] (ServerService Thread Pool -- 59) WFLYCLINF0002: Started realms cache from keycloak container
2021-11-05 18:28:55,302 INFO  [org.jboss.as.clustering.infinispan] (ServerService Thread Pool -- 55) WFLYCLINF0002: Started users cache from keycloak container
2021-11-05 18:28:55,394 WARN  [org.jboss.as.server.deployment] (MSC service thread 1-6) WFLYSRV0273: Excluded subsystem webservices via jboss-deployment-structure.xml does not exist.
2021-11-05 18:28:55,836 INFO  [org.keycloak.services] (ServerService Thread Pool -- 54) KC-SERVICES0001: Loading config from standalone.xml or domain.xml
2021-11-05 18:28:56,354 INFO  [org.keycloak.url.DefaultHostnameProviderFactory] (ServerService Thread Pool -- 54) Frontend: <request>, Admin: <frontend>, Backend: <request>
2021-11-05 18:28:56,482 INFO  [org.jboss.as.clustering.infinispan] (ServerService Thread Pool -- 54) WFLYCLINF0002: Started realmRevisions cache from keycloak container
2021-11-05 18:28:56,488 INFO  [org.jboss.as.clustering.infinispan] (ServerService Thread Pool -- 54) WFLYCLINF0002: Started userRevisions cache from keycloak container
2021-11-05 18:28:56,493 INFO  [org.jboss.as.clustering.infinispan] (ServerService Thread Pool -- 54) WFLYCLINF0002: Started authorizationRevisions cache from keycloak container
2021-11-05 18:28:56,494 INFO  [org.keycloak.connections.infinispan.DefaultInfinispanConnectionProviderFactory] (ServerService Thread Pool -- 54) Node name: gyujinui-macbookpro, Site name: null
2021-11-05 18:29:02,565 INFO  [org.keycloak.connections.jpa.DefaultJpaConnectionProviderFactory] (ServerService Thread Pool -- 54) Database info: {databaseUrl=jdbc:h2:/Users/gyujinan/workspace/study/keycloak-15.0.2/standalone/data/keycloak, databaseUser=SA, databaseProduct=H2 1.4.197 (2018-03-18), databaseDriver=H2 JDBC Driver 1.4.197 (2018-03-18)}
2021-11-05 18:29:03,499 INFO  [org.hibernate.jpa.internal.util.LogHelper] (ServerService Thread Pool -- 54) HHH000204: Processing PersistenceUnitInfo [
	name: keycloak-default
	...]
2021-11-05 18:29:03,552 INFO  [org.hibernate.Version] (ServerService Thread Pool -- 54) HHH000412: Hibernate Core {5.3.20.Final}
2021-11-05 18:29:03,554 INFO  [org.hibernate.cfg.Environment] (ServerService Thread Pool -- 54) HHH000206: hibernate.properties not found
2021-11-05 18:29:03,691 INFO  [org.hibernate.annotations.common.Version] (ServerService Thread Pool -- 54) HCANN000001: Hibernate Commons Annotations {5.0.5.Final}
2021-11-05 18:29:03,849 INFO  [org.hibernate.dialect.Dialect] (ServerService Thread Pool -- 54) HHH000400: Using dialect: org.hibernate.dialect.H2Dialect
2021-11-05 18:29:03,885 INFO  [org.hibernate.envers.boot.internal.EnversServiceImpl] (ServerService Thread Pool -- 54) Envers integration enabled? : true
2021-11-05 18:29:04,269 INFO  [org.hibernate.orm.beans] (ServerService Thread Pool -- 54) HHH10005002: No explicit CDI BeanManager reference was passed to Hibernate, but CDI is available on the Hibernate ClassLoader.
2021-11-05 18:29:04,309 INFO  [org.hibernate.validator.internal.util.Version] (ServerService Thread Pool -- 54) HV000001: Hibernate Validator 6.0.22.Final
2021-11-05 18:29:05,218 INFO  [org.hibernate.hql.internal.QueryTranslatorFactoryInitiator] (ServerService Thread Pool -- 54) HHH000397: Using ASTQueryTranslatorFactory
2021-11-05 18:29:05,869 INFO  [org.jboss.resteasy.resteasy_jaxrs.i18n] (ServerService Thread Pool -- 54) RESTEASY002225: Deploying javax.ws.rs.core.Application: class org.keycloak.services.resources.KeycloakApplication
2021-11-05 18:29:05,871 INFO  [org.jboss.resteasy.resteasy_jaxrs.i18n] (ServerService Thread Pool -- 54) RESTEASY002205: Adding provider class org.keycloak.services.filters.KeycloakSecurityHeadersFilter from Application class org.keycloak.services.resources.KeycloakApplication
2021-11-05 18:29:05,871 INFO  [org.jboss.resteasy.resteasy_jaxrs.i18n] (ServerService Thread Pool -- 54) RESTEASY002200: Adding class resource org.keycloak.services.resources.ThemeResource from Application class org.keycloak.services.resources.KeycloakApplication
2021-11-05 18:29:05,871 INFO  [org.jboss.resteasy.resteasy_jaxrs.i18n] (ServerService Thread Pool -- 54) RESTEASY002200: Adding class resource org.keycloak.services.resources.JsResource from Application class org.keycloak.services.resources.KeycloakApplication
2021-11-05 18:29:05,872 INFO  [org.jboss.resteasy.resteasy_jaxrs.i18n] (ServerService Thread Pool -- 54) RESTEASY002205: Adding provider class org.keycloak.services.error.KeycloakErrorHandler from Application class org.keycloak.services.resources.KeycloakApplication
2021-11-05 18:29:05,872 INFO  [org.jboss.resteasy.resteasy_jaxrs.i18n] (ServerService Thread Pool -- 54) RESTEASY002220: Adding singleton resource org.keycloak.services.resources.RealmsResource from Application class org.keycloak.services.resources.KeycloakApplication
2021-11-05 18:29:05,872 INFO  [org.jboss.resteasy.resteasy_jaxrs.i18n] (ServerService Thread Pool -- 54) RESTEASY002220: Adding singleton resource org.keycloak.services.resources.admin.AdminRoot from Application class org.keycloak.services.resources.KeycloakApplication
2021-11-05 18:29:05,872 INFO  [org.jboss.resteasy.resteasy_jaxrs.i18n] (ServerService Thread Pool -- 54) RESTEASY002210: Adding provider singleton org.keycloak.services.util.ObjectMapperResolver from Application class org.keycloak.services.resources.KeycloakApplication
2021-11-05 18:29:05,872 INFO  [org.jboss.resteasy.resteasy_jaxrs.i18n] (ServerService Thread Pool -- 54) RESTEASY002220: Adding singleton resource org.keycloak.services.resources.RobotsResource from Application class org.keycloak.services.resources.KeycloakApplication
2021-11-05 18:29:05,872 INFO  [org.jboss.resteasy.resteasy_jaxrs.i18n] (ServerService Thread Pool -- 54) RESTEASY002220: Adding singleton resource org.keycloak.services.resources.WelcomeResource from Application class org.keycloak.services.resources.KeycloakApplication
2021-11-05 18:29:05,940 INFO  [org.wildfly.extension.undertow] (ServerService Thread Pool -- 54) WFLYUT0021: Registered web context: '/auth' for server 'default-server'
2021-11-05 18:29:06,010 INFO  [org.jboss.as.server] (ServerService Thread Pool -- 43) WFLYSRV0010: Deployed "keycloak-server.war" (runtime-name : "keycloak-server.war")
2021-11-05 18:29:06,050 INFO  [org.jboss.as.server] (Controller Boot Thread) WFLYSRV0212: Resuming server
2021-11-05 18:29:06,052 INFO  [org.jboss.as] (Controller Boot Thread) WFLYSRV0025: Keycloak 15.0.2 (WildFly Core 15.0.1.Final) started in 14335ms - Started 594 of 872 services (584 services are lazy, passive or on-demand)
2021-11-05 18:29:06,054 INFO  [org.jboss.as] (Controller Boot Thread) WFLYSRV0060: Http management interface listening on http://127.0.0.1:10090/management
2021-11-05 18:29:06,055 INFO  [org.jboss.as] (Controller Boot Thread) WFLYSRV0051: Admin console listening on http://127.0.0.1:10090
2021-11-05 21:00:49,873 INFO  [org.jboss.as.server] (Thread-2) WFLYSRV0272: Suspending server
2021-11-05 21:00:49,907 INFO  [org.jboss.as.ejb3] (Thread-2) WFLYEJB0493: Jakarta Enterprise Beans subsystem suspension complete
2021-11-05 21:00:49,918 INFO  [org.jboss.as.server] (Thread-2) WFLYSRV0220: Server shutdown has been requested via an OS signal
2021-11-05 21:00:49,976 INFO  [org.jboss.as.mail.extension] (MSC service thread 1-3) WFLYMAIL0002: Unbound mail session [java:jboss/mail/Default]
2021-11-05 21:00:49,976 INFO  [org.jboss.as.connector.subsystems.datasources] (MSC service thread 1-8) WFLYJCA0010: Unbound data source [java:jboss/datasources/KeycloakDS]
2021-11-05 21:00:49,981 INFO  [org.wildfly.extension.undertow] (MSC service thread 1-5) WFLYUT0008: Undertow HTTPS listener https suspending
2021-11-05 21:00:49,984 INFO  [org.wildfly.extension.undertow] (ServerService Thread Pool -- 70) WFLYUT0022: Unregistered web context: '/auth' from server 'default-server'
2021-11-05 21:00:49,997 INFO  [org.wildfly.extension.undertow] (MSC service thread 1-5) WFLYUT0007: Undertow HTTPS listener https stopped, was bound to 127.0.0.1:8543
2021-11-05 21:00:50,039 INFO  [org.jboss.as.connector.subsystems.datasources] (MSC service thread 1-8) WFLYJCA0010: Unbound data source [java:jboss/datasources/ExampleDS]
2021-11-05 21:00:50,041 INFO  [org.jboss.as.connector.deployers.jdbc] (MSC service thread 1-1) WFLYJCA0019: Stopped Driver service with driver-name = h2
2021-11-05 21:00:50,046 INFO  [org.wildfly.extension.undertow] (MSC service thread 1-3) WFLYUT0019: Host default-host stopping
2021-11-05 21:00:50,081 INFO  [org.jboss.as.clustering.infinispan] (ServerService Thread Pool -- 72) WFLYCLINF0003: Stopped authorization cache from keycloak container
2021-11-05 21:00:50,082 INFO  [org.jboss.as.server.deployment] (MSC service thread 1-2) WFLYSRV0028: Stopped deployment keycloak-server.war (runtime-name: keycloak-server.war) in 144ms
2021-11-05 21:00:50,085 INFO  [org.wildfly.extension.undertow] (MSC service thread 1-4) WFLYUT0008: Undertow HTTP listener default suspending
2021-11-05 21:00:50,086 INFO  [org.jboss.as.clustering.infinispan] (ServerService Thread Pool -- 74) WFLYCLINF0003: Stopped loginFailures cache from keycloak container
2021-11-05 21:00:50,091 INFO  [org.jboss.as.clustering.infinispan] (ServerService Thread Pool -- 69) WFLYCLINF0003: Stopped offlineClientSessions cache from keycloak container
2021-11-05 21:00:50,091 INFO  [org.jboss.as.clustering.infinispan] (ServerService Thread Pool -- 71) WFLYCLINF0003: Stopped work cache from keycloak container
2021-11-05 21:00:50,091 INFO  [org.wildfly.extension.undertow] (MSC service thread 1-4) WFLYUT0007: Undertow HTTP listener default stopped, was bound to 127.0.0.1:8180
2021-11-05 21:00:50,096 INFO  [org.jboss.as.clustering.infinispan] (ServerService Thread Pool -- 70) WFLYCLINF0003: Stopped clientSessions cache from keycloak container
2021-11-05 21:00:50,096 INFO  [org.wildfly.extension.undertow] (MSC service thread 1-5) WFLYUT0004: Undertow 2.2.5.Final stopping
2021-11-05 21:00:50,096 INFO  [org.jboss.as.clustering.infinispan] (ServerService Thread Pool -- 78) WFLYCLINF0003: Stopped offlineSessions cache from keycloak container
2021-11-05 21:00:50,101 INFO  [org.jboss.as.clustering.infinispan] (ServerService Thread Pool -- 77) WFLYCLINF0003: Stopped sessions cache from keycloak container
2021-11-05 21:00:50,102 INFO  [org.jboss.as.clustering.infinispan] (ServerService Thread Pool -- 80) WFLYCLINF0003: Stopped authenticationSessions cache from keycloak container
2021-11-05 21:00:50,103 INFO  [org.jboss.as.clustering.infinispan] (ServerService Thread Pool -- 75) WFLYCLINF0003: Stopped actionTokens cache from keycloak container
2021-11-05 21:00:50,106 INFO  [org.jboss.as.clustering.infinispan] (ServerService Thread Pool -- 79) WFLYCLINF0003: Stopped users cache from keycloak container
2021-11-05 21:00:50,105 INFO  [org.jboss.as.clustering.infinispan] (ServerService Thread Pool -- 73) WFLYCLINF0003: Stopped keys cache from keycloak container
2021-11-05 21:00:50,122 INFO  [org.jboss.as.clustering.infinispan] (ServerService Thread Pool -- 76) WFLYCLINF0003: Stopped realms cache from keycloak container
2021-11-05 21:00:50,123 INFO  [org.infinispan.manager.DefaultCacheManager] (ServerService Thread Pool -- 76) Stopping cache manager null on null
2021-11-05 21:00:50,273 INFO  [org.jboss.as.clustering.infinispan] (ServerService Thread Pool -- 54) WFLYCLINF0003: Stopped http-remoting-connector cache from ejb container
2021-11-05 21:00:50,275 INFO  [org.infinispan.manager.DefaultCacheManager] (ServerService Thread Pool -- 54) Stopping cache manager null on null
2021-11-05 21:00:50,283 INFO  [org.jboss.as] (MSC service thread 1-8) WFLYSRV0050: Keycloak 15.0.2 (WildFly Core 15.0.1.Final) stopped in 345ms
